<?xml version="1.0" encoding="UTF-8"?>
<testsuite name="pers.ls.exchange.ac.front.cc.BaseSpringTest" tests="1" skipped="0" failures="0" errors="0" timestamp="2020-03-20T18:08:32" hostname="LAPTOP-AMHVD7MN" time="0.387">
  <properties/>
  <testcase name="testBrand" classname="pers.ls.exchange.ac.front.cc.BaseSpringTest" time="0.387"/>
  <system-out><![CDATA[02:08:29.175 [Test worker] DEBUG org.springframework.test.context.junit4.SpringJUnit4ClassRunner - SpringJUnit4ClassRunner constructor called with [class pers.ls.exchange.ac.front.cc.BaseSpringTest]
02:08:29.183 [Test worker] DEBUG org.springframework.test.context.BootstrapUtils - Instantiating CacheAwareContextLoaderDelegate from class [org.springframework.test.context.cache.DefaultCacheAwareContextLoaderDelegate]
02:08:29.191 [Test worker] DEBUG org.springframework.test.context.BootstrapUtils - Instantiating BootstrapContext using constructor [public org.springframework.test.context.support.DefaultBootstrapContext(java.lang.Class,org.springframework.test.context.CacheAwareContextLoaderDelegate)]
02:08:29.212 [Test worker] DEBUG org.springframework.test.context.BootstrapUtils - Instantiating TestContextBootstrapper for test class [pers.ls.exchange.ac.front.cc.BaseSpringTest] from class [org.springframework.boot.test.context.SpringBootTestContextBootstrapper]
02:08:29.224 [Test worker] INFO org.springframework.boot.test.context.SpringBootTestContextBootstrapper - Neither @ContextConfiguration nor @ContextHierarchy found for test class [pers.ls.exchange.ac.front.cc.BaseSpringTest], using SpringBootContextLoader
02:08:29.226 [Test worker] DEBUG org.springframework.test.context.support.AbstractContextLoader - Did not detect default resource location for test class [pers.ls.exchange.ac.front.cc.BaseSpringTest]: class path resource [pers/ls/exchange/ac/front/cc/BaseSpringTest-context.xml] does not exist
02:08:29.226 [Test worker] DEBUG org.springframework.test.context.support.AbstractContextLoader - Did not detect default resource location for test class [pers.ls.exchange.ac.front.cc.BaseSpringTest]: class path resource [pers/ls/exchange/ac/front/cc/BaseSpringTestContext.groovy] does not exist
02:08:29.227 [Test worker] INFO org.springframework.test.context.support.AbstractContextLoader - Could not detect default resource locations for test class [pers.ls.exchange.ac.front.cc.BaseSpringTest]: no resource found for suffixes {-context.xml, Context.groovy}.
02:08:29.227 [Test worker] INFO org.springframework.test.context.support.AnnotationConfigContextLoaderUtils - Could not detect default configuration classes for test class [pers.ls.exchange.ac.front.cc.BaseSpringTest]: BaseSpringTest does not declare any static, non-private, non-final, nested classes annotated with @Configuration.
02:08:29.258 [Test worker] DEBUG org.springframework.test.context.support.ActiveProfilesUtils - Could not find an 'annotation declaring class' for annotation type [org.springframework.test.context.ActiveProfiles] and class [pers.ls.exchange.ac.front.cc.BaseSpringTest]
02:08:29.266 [Test worker] DEBUG org.springframework.core.env.StandardEnvironment - Adding PropertySource 'systemProperties' with lowest search precedence
02:08:29.267 [Test worker] DEBUG org.springframework.core.env.StandardEnvironment - Adding PropertySource 'systemEnvironment' with lowest search precedence
02:08:29.267 [Test worker] DEBUG org.springframework.core.env.StandardEnvironment - Initialized StandardEnvironment with PropertySources [MapPropertySource@291645805 {name='systemProperties', properties={java.runtime.name=Java(TM) SE Runtime Environment, sun.boot.library.path=C:\Program Files\Java\jdk1.8.0_191\jre\bin, java.vm.version=25.191-b12, java.vm.vendor=Oracle Corporation, java.vendor.url=http://java.oracle.com/, path.separator=;, java.vm.name=Java HotSpot(TM) 64-Bit Server VM, file.encoding.pkg=sun.io, user.script=, sun.java.launcher=SUN_STANDARD, user.country=CN, sun.os.patch.level=, java.vm.specification.name=Java Virtual Machine Specification, user.dir=F:\ac-front\ac-rest, java.runtime.version=1.8.0_191-b12, java.awt.graphicsenv=sun.awt.Win32GraphicsEnvironment, java.endorsed.dirs=C:\Program Files\Java\jdk1.8.0_191\jre\lib\endorsed, os.arch=amd64, java.io.tmpdir=C:\Users\lsjava\AppData\Local\Temp\, line.separator=
, java.vm.specification.vendor=Oracle Corporation, user.variant=, os.name=Windows 10, sun.jnu.encoding=GBK, java.library.path=C:\Program Files\Java\jdk1.8.0_191\bin;C:\WINDOWS\Sun\Java\bin;C:\WINDOWS\system32;C:\WINDOWS;C:\Program Files (x86)\Common Files\Oracle\Java\javapath;C:\Program Files (x86)\Intel\Intel(R) Management Engine Components\iCLS\;C:\Program Files\Intel\Intel(R) Management Engine Components\iCLS\;C:\Windows\system32;C:\Windows;C:\Windows\System32\Wbem;C:\Windows\System32\WindowsPowerShell\v1.0\;C:\Windows\System32\OpenSSH\;C:\Program Files (x86)\Intel\Intel(R) Management Engine Components\DAL;C:\Program Files\Intel\Intel(R) Management Engine Components\DAL;C:\Program Files (x86)\Intel\Intel(R) Management Engine Components\IPT;C:\Program Files\Intel\Intel(R) Management Engine Components\IPT;C:\Program Files (x86)\NVIDIA Corporation\PhysX\Common;D:\git\Git\cmd;D:\tortoisegit\bin;D:\mysql\mysql-8.0.15-winx64\bin;D:\erl10.3\bin;D:\redis\;D:\node.js\;C:\WINDOWS\system32;C:\WINDOWS;C:\WINDOWS\System32\Wbem;C:\WINDOWS\System32\WindowsPowerShell\v1.0\;C:\WINDOWS\System32\OpenSSH\;D:\apache-maven-3.6.0\bin;F:\gradle-5.5\bin;C:\Users\lsjava\AppData\Local\Microsoft\WindowsApps;C:\Users\lsjava\AppData\Roaming\npm;;., java.specification.name=Java Platform API Specification, java.class.version=52.0, org.gradle.native=false, sun.management.compiler=HotSpot 64-Bit Tiered Compilers, os.version=10.0, user.home=C:\Users\lsjava, user.timezone=Asia/Shanghai, java.awt.printerjob=sun.awt.windows.WPrinterJob, file.encoding=GBK, java.specification.version=1.8, java.class.path=F:\ac-front\ac-rest\build\classes\java\test;F:\ac-front\ac-rest\build\resources\test;F:\ac-front\ac-rest\build\classes\java\main;F:\ac-front\ac-rest\build\resources\main;F:\ac-front\front-service\build\libs\front-service-1.0-SNAPSHOT.jar;F:\gradle-4.10.1\caches\modules-2\files-2.1\org.springframework.boot\spring-boot-starter-web\2.0.3.RELEASE\41fd4180bea3813de8f3c602b5a126218360315b\spring-boot-starter-web-2.0.3.RELEASE.jar;F:\ac-front\front-jdbc\build\libs\front-jdbc-1.0-SNAPSHOT.jar;F:\gradle-4.10.1\caches\modules-2\files-2.1\com.github.pagehelper\pagehelper-spring-boot-starter\1.2.10\134ce264409e539a2079c882e64b6a210d24a538\pagehelper-spring-boot-starter-1.2.10.jar;F:\gradle-4.10.1\caches\modules-2\files-2.1\org.mybatis.spring.boot\mybatis-spring-boot-starter\1.3.2\cb6de087ae0d34b23ad0671aacdbcc433d84875f\mybatis-spring-boot-starter-1.3.2.jar;F:\gradle-4.10.1\caches\modules-2\files-2.1\com.alibaba\fastjson\1.2.7\a5c721e8ea1e18854272879d6ed2770d25feb342\fastjson-1.2.7.jar;F:\gradle-4.10.1\caches\modules-2\files-2.1\mysql\mysql-connector-java\8.0.13\28015319e44ff50a8fee655e725fefc4990abeb1\mysql-connector-java-8.0.13.jar;F:\gradle-4.10.1\caches\modules-2\files-2.1\org.springframework.boot\spring-boot-starter-test\2.0.3.RELEASE\1c624b1cc217bac010abce7a28df8169af4a7fa0\spring-boot-starter-test-2.0.3.RELEASE.jar;F:\gradle-4.10.1\caches\modules-2\files-2.1\junit\junit\4.12\2973d150c0dc1fefe998f834810d68f278ea58ec\junit-4.12.jar;F:\gradle-4.10.1\caches\modules-2\files-2.1\org.springframework.boot\spring-boot-starter-json\2.0.3.RELEASE\2e389a8727588c549c28bb277f0f573f65554850\spring-boot-starter-json-2.0.3.RELEASE.jar;F:\gradle-4.10.1\caches\modules-2\files-2.1\org.springframework.boot\spring-boot-starter-jdbc\1.5.10.RELEASE\f78396b57f70a0ca8422bcbe8959aa49baf49023\spring-boot-starter-jdbc-1.5.10.RELEASE.jar;F:\gradle-4.10.1\caches\modules-2\files-2.1\org.springframework.boot\spring-boot-starter\2.0.3.RELEASE\ffaa050dbd36b0441645598f1a7ddaf67fd5e678\spring-boot-starter-2.0.3.RELEASE.jar;F:\gradle-4.10.1\caches\modules-2\files-2.1\org.springframework.boot\spring-boot-test-autoconfigure\2.0.3.RELEASE\54e7d2167f2b926bf16a0ef8b91b6bfbd43826e7\spring-boot-test-autoconfigure-2.0.3.RELEASE.jar;F:\gradle-4.10.1\caches\modules-2\files-2.1\org.springframework.boot\spring-boot-test\2.0.3.RELEASE\5c9b4bb6cfce9ef6e53a0ff5fc4a7ff2867871d8\spring-boot-test-2.0.3.RELEASE.jar;F:\gradle-4.10.1\caches\modules-2\files-2.1\com.github.pagehelper\pagehelper-spring-boot-autoconfigure\1.2.10\4d9dce2cd96da77d3ec35503a853e6d3a42750ec\pagehelper-spring-boot-autoconfigure-1.2.10.jar;F:\gradle-4.10.1\caches\modules-2\files-2.1\org.mybatis.spring.boot\mybatis-spring-boot-autoconfigure\1.3.2\cada00d6bb4e7b8a733b3cd376ad69a307008685\mybatis-spring-boot-autoconfigure-1.3.2.jar;F:\gradle-4.10.1\caches\modules-2\files-2.1\org.springframework.boot\spring-boot-autoconfigure\2.0.3.RELEASE\11bc4cc96b08fabad2b3186755818fa0b32d83f\spring-boot-autoconfigure-2.0.3.RELEASE.jar;F:\gradle-4.10.1\caches\modules-2\files-2.1\org.springframework.boot\spring-boot\2.0.3.RELEASE\b874870d915adbc3dd932e19077d3d45c8e54aa0\spring-boot-2.0.3.RELEASE.jar;F:\gradle-4.10.1\caches\modules-2\files-2.1\org.springframework.boot\spring-boot-starter-tomcat\2.0.3.RELEASE\25a51a75bfb997b7b95d6760178ee3303863ec4b\spring-boot-starter-tomcat-2.0.3.RELEASE.jar;F:\gradle-4.10.1\caches\modules-2\files-2.1\org.hibernate.validator\hibernate-validator\6.0.10.Final\4236051a8d209c00f85e70918d5e26d9f3e5201e\hibernate-validator-6.0.10.Final.jar;F:\gradle-4.10.1\caches\modules-2\files-2.1\org.springframework\spring-webmvc\5.0.7.RELEASE\751c871527ec7ff335ffc76f2e737e297c0a8d30\spring-webmvc-5.0.7.RELEASE.jar;F:\gradle-4.10.1\caches\modules-2\files-2.1\org.springframework\spring-web\5.0.7.RELEASE\2e04c6c2922fbfa06b5948be14a5782db168b6ec\spring-web-5.0.7.RELEASE.jar;F:\gradle-4.10.1\caches\modules-2\files-2.1\org.mybatis\mybatis\3.4.6\a77a546f679533837f6c6a75c034b669f3ce6a2f\mybatis-3.4.6.jar;F:\gradle-4.10.1\caches\modules-2\files-2.1\org.mybatis\mybatis-spring\1.3.2\fd9961cd026b1f6998be27c516973dd5366b14ec\mybatis-spring-1.3.2.jar;F:\gradle-4.10.1\caches\modules-2\files-2.1\com.google.protobuf\protobuf-java\3.6.1\d06d46ecfd92ec6d0f3b423b4cd81cb38d8b924\protobuf-java-3.6.1.jar;F:\gradle-4.10.1\caches\modules-2\files-2.1\org.hamcrest\hamcrest-library\1.3\4785a3c21320980282f9f33d0d1264a69040538f\hamcrest-library-1.3.jar;F:\gradle-4.10.1\caches\modules-2\files-2.1\org.hamcrest\hamcrest-core\1.3\42a25dc3219429f0e5d060061f71acb49bf010a0\hamcrest-core-1.3.jar;F:\gradle-4.10.1\caches\modules-2\files-2.1\com.jayway.jsonpath\json-path\2.4.0\765a4401ceb2dc8d40553c2075eb80a8fa35c2ae\json-path-2.4.0.jar;F:\gradle-4.10.1\caches\modules-2\files-2.1\org.assertj\assertj-core\3.9.1\c5ce126b15f28d56cd8f960c1a6a058b9c9aea87\assertj-core-3.9.1.jar;F:\gradle-4.10.1\caches\modules-2\files-2.1\org.mockito\mockito-core\2.15.0\b84bfbbc29cd22c9529409627af6ea2897f4fa85\mockito-core-2.15.0.jar;F:\gradle-4.10.1\caches\modules-2\files-2.1\org.skyscreamer\jsonassert\1.5.0\6c9d5fe2f59da598d9aefc1cfc6528ff3cf32df3\jsonassert-1.5.0.jar;F:\gradle-4.10.1\caches\modules-2\files-2.1\org.springframework\spring-test\5.0.7.RELEASE\bcb7505a316ea34b7e9a7ae5d4921be5b475c02d\spring-test-5.0.7.RELEASE.jar;F:\gradle-4.10.1\caches\modules-2\files-2.1\org.springframework\spring-context\5.0.7.RELEASE\243a23f8968de8754d8199d669780d683ab177bd\spring-context-5.0.7.RELEASE.jar;F:\gradle-4.10.1\caches\modules-2\files-2.1\org.springframework\spring-aop\5.0.7.RELEASE\fdd0b6aa3c9c7a188c3bfbf6dfd8d40e843be9ef\spring-aop-5.0.7.RELEASE.jar;F:\gradle-4.10.1\caches\modules-2\files-2.1\org.springframework\spring-jdbc\4.3.14.RELEASE\1b1b9045d9ec1e067d99bf158210e9e7cf2ebfd2\spring-jdbc-4.3.14.RELEASE.jar;F:\gradle-4.10.1\caches\modules-2\files-2.1\org.springframework\spring-tx\4.3.14.RELEASE\1c9449fcb805837db3c706eab4c729f89688a267\spring-tx-4.3.14.RELEASE.jar;F:\gradle-4.10.1\caches\modules-2\files-2.1\org.springframework\spring-beans\5.0.7.RELEASE\c1196cb3e56da83e3c3a02ef323699f4b05feedc\spring-beans-5.0.7.RELEASE.jar;F:\gradle-4.10.1\caches\modules-2\files-2.1\org.springframework\spring-expression\5.0.7.RELEASE\ca01fb473f53dd0ee3c85663b26d5dc325602057\spring-expression-5.0.7.RELEASE.jar;F:\gradle-4.10.1\caches\modules-2\files-2.1\org.springframework\spring-core\5.0.7.RELEASE\54b731178d81e66eca9623df772ff32718208137\spring-core-5.0.7.RELEASE.jar;F:\gradle-4.10.1\caches\modules-2\files-2.1\org.xmlunit\xmlunit-core\2.5.1\4ffdb346572a7356f7521cd3119ce5287d2e339d\xmlunit-core-2.5.1.jar;F:\gradle-4.10.1\caches\modules-2\files-2.1\com.github.pagehelper\pagehelper\5.1.8\97e2387f9e071928affd165e3d8a8758076b137d\pagehelper-5.1.8.jar;F:\gradle-4.10.1\caches\modules-2\files-2.1\org.springframework.boot\spring-boot-starter-logging\2.0.3.RELEASE\7caad34f01d2688919e15e09a90467963e3d5190\spring-boot-starter-logging-2.0.3.RELEASE.jar;F:\gradle-4.10.1\caches\modules-2\files-2.1\javax.annotation\javax.annotation-api\1.3.2\934c04d3cfef185a8008e7bf34331b79730a9d43\javax.annotation-api-1.3.2.jar;F:\gradle-4.10.1\caches\modules-2\files-2.1\org.yaml\snakeyaml\1.19\2d998d3d674b172a588e54ab619854d073f555b5\snakeyaml-1.19.jar;F:\gradle-4.10.1\caches\modules-2\files-2.1\com.fasterxml.jackson.datatype\jackson-datatype-jdk8\2.9.6\456895fc91bf7180b216fead220373e6278230c9\jackson-datatype-jdk8-2.9.6.jar;F:\gradle-4.10.1\caches\modules-2\files-2.1\com.fasterxml.jackson.datatype\jackson-datatype-jsr310\2.9.6\ea54f6193d224e5e5732bbd4262327eb465397c2\jackson-datatype-jsr310-2.9.6.jar;F:\gradle-4.10.1\caches\modules-2\files-2.1\com.fasterxml.jackson.module\jackson-module-parameter-names\2.9.6\129acd77a4b6ee30d62d3a0899b1344c8ec2bff8\jackson-module-parameter-names-2.9.6.jar;F:\gradle-4.10.1\caches\modules-2\files-2.1\com.fasterxml.jackson.core\jackson-databind\2.9.6\cfa4f316351a91bfd95cb0644c6a2c95f52db1fc\jackson-databind-2.9.6.jar;F:\gradle-4.10.1\caches\modules-2\files-2.1\org.apache.tomcat.embed\tomcat-embed-websocket\8.5.31\6564e716b89de5eaa0dd234ae7989576503ddf3\tomcat-embed-websocket-8.5.31.jar;F:\gradle-4.10.1\caches\modules-2\files-2.1\org.apache.tomcat.embed\tomcat-embed-core\8.5.31\f5adf7ed8c34aa005b22b6a2dc7b6796e10e9c79\tomcat-embed-core-8.5.31.jar;F:\gradle-4.10.1\caches\modules-2\files-2.1\org.apache.tomcat.embed\tomcat-embed-el\8.5.31\3a536e1ac71b82627c3a7408eb38fa0704cb9034\tomcat-embed-el-8.5.31.jar;F:\gradle-4.10.1\caches\modules-2\files-2.1\javax.validation\validation-api\2.0.1.Final\cb855558e6271b1b32e716d24cb85c7f583ce09e\validation-api-2.0.1.Final.jar;F:\gradle-4.10.1\caches\modules-2\files-2.1\org.jboss.logging\jboss-logging\3.3.2.Final\3789d00e859632e6c6206adc0c71625559e6e3b0\jboss-logging-3.3.2.Final.jar;F:\gradle-4.10.1\caches\modules-2\files-2.1\com.fasterxml\classmate\1.3.4\3d5f48f10bbe4eb7bd862f10c0583be2e0053c6\classmate-1.3.4.jar;F:\gradle-4.10.1\caches\modules-2\files-2.1\net.minidev\json-smart\2.3\7396407491352ce4fa30de92efb158adb76b5b\json-smart-2.3.jar;F:\gradle-4.10.1\caches\modules-2\files-2.1\ch.qos.logback\logback-classic\1.2.3\7c4f3c474fb2c041d8028740440937705ebb473a\logback-classic-1.2.3.jar;F:\gradle-4.10.1\caches\modules-2\files-2.1\org.apache.logging.log4j\log4j-to-slf4j\2.10.0\f7e631ccf49cfc0aefa4a2a728da7d374c05bd3c\log4j-to-slf4j-2.10.0.jar;F:\gradle-4.10.1\caches\modules-2\files-2.1\org.slf4j\jul-to-slf4j\1.7.25\af5364cd6679bfffb114f0dec8a157aaa283b76\jul-to-slf4j-1.7.25.jar;F:\gradle-4.10.1\caches\modules-2\files-2.1\org.slf4j\slf4j-api\1.7.25\da76ca59f6a57ee3102f8f9bd9cee742973efa8a\slf4j-api-1.7.25.jar;F:\gradle-4.10.1\caches\modules-2\files-2.1\net.bytebuddy\byte-buddy\1.7.9\51218a01a882c04d0aba8c028179cce488bbcb58\byte-buddy-1.7.9.jar;F:\gradle-4.10.1\caches\modules-2\files-2.1\net.bytebuddy\byte-buddy-agent\1.7.9\a6c65f9da7f467ee1f02ff2841ffd3155aee2fc9\byte-buddy-agent-1.7.9.jar;F:\gradle-4.10.1\caches\modules-2\files-2.1\org.objenesis\objenesis\2.6\639033469776fd37c08358c6b92a4761feb2af4b\objenesis-2.6.jar;F:\gradle-4.10.1\caches\modules-2\files-2.1\com.vaadin.external.google\android-json\0.0.20131108.vaadin1\fa26d351fe62a6a17f5cda1287c1c6110dec413f\android-json-0.0.20131108.vaadin1.jar;F:\gradle-4.10.1\caches\modules-2\files-2.1\org.springframework\spring-jcl\5.0.7.RELEASE\699016ddf454c2c167d9f84ae5777eccadf54728\spring-jcl-5.0.7.RELEASE.jar;F:\gradle-4.10.1\caches\modules-2\files-2.1\com.github.jsqlparser\jsqlparser\1.2\bc8a4e852bde9114b97fda9a3f73c8ae2b7748b9\jsqlparser-1.2.jar;F:\gradle-4.10.1\caches\modules-2\files-2.1\com.fasterxml.jackson.core\jackson-annotations\2.9.0\7c10d545325e3a6e72e06381afe469fd40eb701\jackson-annotations-2.9.0.jar;F:\gradle-4.10.1\caches\modules-2\files-2.1\com.fasterxml.jackson.core\jackson-core\2.9.6\4e393793c37c77e042ccc7be5a914ae39251b365\jackson-core-2.9.6.jar;F:\gradle-4.10.1\caches\modules-2\files-2.1\net.minidev\accessors-smart\1.2\c592b500269bfde36096641b01238a8350f8aa31\accessors-smart-1.2.jar;F:\gradle-4.10.1\caches\modules-2\files-2.1\org.apache.tomcat\tomcat-jdbc\8.5.27\f37dfae9e9afb6b2742e04a401e32264c5fec0ec\tomcat-jdbc-8.5.27.jar;F:\gradle-4.10.1\caches\modules-2\files-2.1\ch.qos.logback\logback-core\1.2.3\864344400c3d4d92dfeb0a305dc87d953677c03c\logback-core-1.2.3.jar;F:\gradle-4.10.1\caches\modules-2\files-2.1\org.apache.logging.log4j\log4j-api\2.10.0\fec5797a55b786184a537abd39c3fa1449d752d6\log4j-api-2.10.0.jar;F:\gradle-4.10.1\caches\modules-2\files-2.1\org.apache.tomcat\tomcat-annotations-api\8.5.31\f0758d8b5d1404cc25f98945bdd5959699658b4a\tomcat-annotations-api-8.5.31.jar;F:\gradle-4.10.1\caches\modules-2\files-2.1\org.ow2.asm\asm\5.0.4\da08b8cce7bbf903602a25a3a163ae252435795\asm-5.0.4.jar;F:\gradle-4.10.1\caches\modules-2\files-2.1\org.apache.tomcat\tomcat-juli\8.5.27\583a08f2f59c6abdd86833b572b9a2f55e61a0f2\tomcat-juli-8.5.27.jar, user.name=lsjava, java.vm.specification.version=1.8, sun.java.command=worker.org.gradle.process.internal.worker.GradleWorkerMain 'Gradle Test Executor 1', java.home=C:\Program Files\Java\jdk1.8.0_191\jre, sun.arch.data.model=64, user.language=zh, java.specification.vendor=Oracle Corporation, awt.toolkit=sun.awt.windows.WToolkit, java.vm.info=mixed mode, java.version=1.8.0_191, java.ext.dirs=C:\Program Files\Java\jdk1.8.0_191\jre\lib\ext;C:\WINDOWS\Sun\Java\lib\ext, sun.boot.class.path=C:\Program Files\Java\jdk1.8.0_191\jre\lib\resources.jar;C:\Program Files\Java\jdk1.8.0_191\jre\lib\rt.jar;C:\Program Files\Java\jdk1.8.0_191\jre\lib\sunrsasign.jar;C:\Program Files\Java\jdk1.8.0_191\jre\lib\jsse.jar;C:\Program Files\Java\jdk1.8.0_191\jre\lib\jce.jar;C:\Program Files\Java\jdk1.8.0_191\jre\lib\charsets.jar;C:\Program Files\Java\jdk1.8.0_191\jre\lib\jfr.jar;C:\Program Files\Java\jdk1.8.0_191\jre\classes, java.vendor=Oracle Corporation, org.gradle.test.worker=1, file.separator=\, java.vendor.url.bug=http://bugreport.sun.com/bugreport/, sun.io.unicode.encoding=UnicodeLittle, sun.cpu.endian=little, sun.desktop=windows, sun.cpu.isalist=amd64}}, SystemEnvironmentPropertySource@1271038567 {name='systemEnvironment', properties={configsetroot=C:\WINDOWS\ConfigSetRoot, USERDOMAIN_ROAMINGPROFILE=LAPTOP-AMHVD7MN, PROCESSOR_LEVEL=6, SESSIONNAME=Console, ALLUSERSPROFILE=C:\ProgramData, PROCESSOR_ARCHITECTURE=AMD64, NVIDIAWHITELISTED=0x01, PSModulePath=C:\Program Files\WindowsPowerShell\Modules;C:\WINDOWS\system32\WindowsPowerShell\v1.0\Modules, SystemDrive=C:, =E:=E:\, MAVEN_HOME=D:\apache-maven-3.6.0, USERNAME=lsjava, ProgramFiles(x86)=C:\Program Files (x86), FPS_BROWSER_USER_PROFILE_STRING=Default, PATHEXT=.COM;.EXE;.BAT;.CMD;.VBS;.VBE;.JS;.JSE;.WSF;.WSH;.MSC, DriverData=C:\Windows\System32\Drivers\DriverData, SHIM_MCCOMPAT=0x810000001, ProgramData=C:\ProgramData, =F:=F:\, ProgramW6432=C:\Program Files, HOMEPATH=\Users\lsjava, PROCESSOR_IDENTIFIER=Intel64 Family 6 Model 158 Stepping 10, GenuineIntel, ProgramFiles=C:\Program Files, PUBLIC=C:\Users\Public, windir=C:\WINDOWS, =::=::\, LOCALAPPDATA=C:\Users\lsjava\AppData\Local, USERDOMAIN=LAPTOP-AMHVD7MN, FPS_BROWSER_APP_PROFILE_STRING=Internet Explorer, LOGONSERVER=\\LAPTOP-AMHVD7MN, ERLANG_HOME=D:\erl10.3, asl.log=Destination=file, OneDrive=C:\Users\lsjava\OneDrive, APPDATA=C:\Users\lsjava\AppData\Roaming, GRADLE_USER_HOME=E:\repository, CommonProgramFiles=C:\Program Files\Common Files, Path=C:\Program Files (x86)\Common Files\Oracle\Java\javapath;C:\Program Files (x86)\Intel\Intel(R) Management Engine Components\iCLS\;C:\Program Files\Intel\Intel(R) Management Engine Components\iCLS\;C:\Windows\system32;C:\Windows;C:\Windows\System32\Wbem;C:\Windows\System32\WindowsPowerShell\v1.0\;C:\Windows\System32\OpenSSH\;C:\Program Files (x86)\Intel\Intel(R) Management Engine Components\DAL;C:\Program Files\Intel\Intel(R) Management Engine Components\DAL;C:\Program Files (x86)\Intel\Intel(R) Management Engine Components\IPT;C:\Program Files\Intel\Intel(R) Management Engine Components\IPT;C:\Program Files (x86)\NVIDIA Corporation\PhysX\Common;D:\git\Git\cmd;D:\tortoisegit\bin;D:\mysql\mysql-8.0.15-winx64\bin;D:\erl10.3\bin;D:\redis\;D:\node.js\;C:\WINDOWS\system32;C:\WINDOWS;C:\WINDOWS\System32\Wbem;C:\WINDOWS\System32\WindowsPowerShell\v1.0\;C:\WINDOWS\System32\OpenSSH\;D:\apache-maven-3.6.0\bin;F:\gradle-5.5\bin;C:\Users\lsjava\AppData\Local\Microsoft\WindowsApps;C:\Users\lsjava\AppData\Roaming\npm;, OS=Windows_NT, COMPUTERNAME=LAPTOP-AMHVD7MN, PROCESSOR_REVISION=9e0a, CommonProgramW6432=C:\Program Files\Common Files, ComSpec=C:\WINDOWS\system32\cmd.exe, =D:=D:\, SystemRoot=C:\WINDOWS, TEMP=C:\Users\lsjava\AppData\Local\Temp, HOMEDRIVE=C:, USERPROFILE=C:\Users\lsjava, TMP=C:\Users\lsjava\AppData\Local\Temp, CommonProgramFiles(x86)=C:\Program Files (x86)\Common Files, NUMBER_OF_PROCESSORS=8}}]
02:08:29.281 [Test worker] DEBUG org.springframework.core.io.support.PathMatchingResourcePatternResolver - Resolved classpath location [pers/ls/exchange/ac/front/cc/] to resources [URL [file:/F:/ac-front/ac-rest/build/classes/java/test/pers/ls/exchange/ac/front/cc/]]
02:08:29.281 [Test worker] DEBUG org.springframework.core.io.support.PathMatchingResourcePatternResolver - Looking for matching resources in directory tree [F:\ac-front\ac-rest\build\classes\java\test\pers\ls\exchange\ac\front\cc]
02:08:29.281 [Test worker] DEBUG org.springframework.core.io.support.PathMatchingResourcePatternResolver - Searching directory [F:\ac-front\ac-rest\build\classes\java\test\pers\ls\exchange\ac\front\cc] for files matching pattern [F:/ac-front/ac-rest/build/classes/java/test/pers/ls/exchange/ac/front/cc/*.class]
02:08:29.285 [Test worker] DEBUG org.springframework.core.io.support.PathMatchingResourcePatternResolver - Resolved location pattern [classpath*:pers/ls/exchange/ac/front/cc/*.class] to resources [file [F:\ac-front\ac-rest\build\classes\java\test\pers\ls\exchange\ac\front\cc\BaseSpringTest.class]]
02:08:29.322 [Test worker] DEBUG org.springframework.core.io.support.PathMatchingResourcePatternResolver - Resolved classpath location [pers/ls/exchange/ac/front/] to resources [URL [file:/F:/ac-front/ac-rest/build/classes/java/test/pers/ls/exchange/ac/front/], URL [file:/F:/ac-front/ac-rest/build/classes/java/main/pers/ls/exchange/ac/front/], URL [jar:file:/F:/ac-front/front-service/build/libs/front-service-1.0-SNAPSHOT.jar!/pers/ls/exchange/ac/front/], URL [jar:file:/F:/ac-front/front-jdbc/build/libs/front-jdbc-1.0-SNAPSHOT.jar!/pers/ls/exchange/ac/front/]]
02:08:29.322 [Test worker] DEBUG org.springframework.core.io.support.PathMatchingResourcePatternResolver - Looking for matching resources in directory tree [F:\ac-front\ac-rest\build\classes\java\test\pers\ls\exchange\ac\front]
02:08:29.322 [Test worker] DEBUG org.springframework.core.io.support.PathMatchingResourcePatternResolver - Searching directory [F:\ac-front\ac-rest\build\classes\java\test\pers\ls\exchange\ac\front] for files matching pattern [F:/ac-front/ac-rest/build/classes/java/test/pers/ls/exchange/ac/front/*.class]
02:08:29.324 [Test worker] DEBUG org.springframework.core.io.support.PathMatchingResourcePatternResolver - Looking for matching resources in directory tree [F:\ac-front\ac-rest\build\classes\java\main\pers\ls\exchange\ac\front]
02:08:29.324 [Test worker] DEBUG org.springframework.core.io.support.PathMatchingResourcePatternResolver - Searching directory [F:\ac-front\ac-rest\build\classes\java\main\pers\ls\exchange\ac\front] for files matching pattern [F:/ac-front/ac-rest/build/classes/java/main/pers/ls/exchange/ac/front/*.class]
02:08:29.325 [Test worker] DEBUG org.springframework.core.io.support.PathMatchingResourcePatternResolver - Looking for matching resources in jar file [file:/F:/ac-front/front-service/build/libs/front-service-1.0-SNAPSHOT.jar]
02:08:29.326 [Test worker] DEBUG org.springframework.core.io.support.PathMatchingResourcePatternResolver - Looking for matching resources in jar file [file:/F:/ac-front/front-jdbc/build/libs/front-jdbc-1.0-SNAPSHOT.jar]
02:08:29.326 [Test worker] DEBUG org.springframework.core.io.support.PathMatchingResourcePatternResolver - Resolved location pattern [classpath*:pers/ls/exchange/ac/front/*.class] to resources [file [F:\ac-front\ac-rest\build\classes\java\main\pers\ls\exchange\ac\front\AcFrontApplication.class], URL [jar:file:/F:/ac-front/front-service/build/libs/front-service-1.0-SNAPSHOT.jar!/pers/ls/exchange/ac/front/StringUtil.class]]
02:08:29.356 [Test worker] DEBUG org.springframework.context.annotation.ClassPathScanningCandidateComponentProvider - Identified candidate component class: file [F:\ac-front\ac-rest\build\classes\java\main\pers\ls\exchange\ac\front\AcFrontApplication.class]
02:08:29.357 [Test worker] INFO org.springframework.boot.test.context.SpringBootTestContextBootstrapper - Found @SpringBootConfiguration pers.ls.exchange.ac.front.AcFrontApplication for test class pers.ls.exchange.ac.front.cc.BaseSpringTest
02:08:29.484 [Test worker] DEBUG org.springframework.boot.test.context.SpringBootTestContextBootstrapper - @TestExecutionListeners is not present for class [pers.ls.exchange.ac.front.cc.BaseSpringTest]: using defaults.
02:08:29.484 [Test worker] INFO org.springframework.boot.test.context.SpringBootTestContextBootstrapper - Loaded default TestExecutionListener class names from location [META-INF/spring.factories]: [org.springframework.boot.test.autoconfigure.restdocs.RestDocsTestExecutionListener, org.springframework.boot.test.autoconfigure.web.client.MockRestServiceServerResetTestExecutionListener, org.springframework.boot.test.autoconfigure.web.servlet.MockMvcPrintOnlyOnFailureTestExecutionListener, org.springframework.boot.test.autoconfigure.web.servlet.WebDriverTestExecutionListener, org.springframework.boot.test.mock.mockito.MockitoTestExecutionListener, org.springframework.boot.test.mock.mockito.ResetMocksTestExecutionListener, org.springframework.test.context.web.ServletTestExecutionListener, org.springframework.test.context.support.DirtiesContextBeforeModesTestExecutionListener, org.springframework.test.context.support.DependencyInjectionTestExecutionListener, org.springframework.test.context.support.DirtiesContextTestExecutionListener, org.springframework.test.context.transaction.TransactionalTestExecutionListener, org.springframework.test.context.jdbc.SqlScriptsTestExecutionListener]
02:08:29.498 [Test worker] INFO org.springframework.boot.test.context.SpringBootTestContextBootstrapper - Using TestExecutionListeners: [org.springframework.test.context.web.ServletTestExecutionListener@2f3f0ed7, org.springframework.test.context.support.DirtiesContextBeforeModesTestExecutionListener@45c1f4b2, org.springframework.boot.test.mock.mockito.MockitoTestExecutionListener@6f06a703, org.springframework.boot.test.autoconfigure.SpringBootDependencyInjectionTestExecutionListener@2a990519, org.springframework.test.context.support.DirtiesContextTestExecutionListener@7d07ff2b, org.springframework.test.context.transaction.TransactionalTestExecutionListener@3729e05d, org.springframework.test.context.jdbc.SqlScriptsTestExecutionListener@6dcd7704, org.springframework.boot.test.autoconfigure.restdocs.RestDocsTestExecutionListener@f9e0669, org.springframework.boot.test.autoconfigure.web.client.MockRestServiceServerResetTestExecutionListener@4da24e16, org.springframework.boot.test.autoconfigure.web.servlet.MockMvcPrintOnlyOnFailureTestExecutionListener@357164f7, org.springframework.boot.test.autoconfigure.web.servlet.WebDriverTestExecutionListener@3302500a, org.springframework.boot.test.mock.mockito.ResetMocksTestExecutionListener@4cd0a54d]
02:08:29.500 [Test worker] DEBUG org.springframework.test.annotation.ProfileValueUtils - Retrieved @ProfileValueSourceConfiguration [null] for test class [pers.ls.exchange.ac.front.cc.BaseSpringTest]
02:08:29.501 [Test worker] DEBUG org.springframework.test.annotation.ProfileValueUtils - Retrieved ProfileValueSource type [class org.springframework.test.annotation.SystemProfileValueSource] for class [pers.ls.exchange.ac.front.cc.BaseSpringTest]
02:08:29.501 [Test worker] DEBUG org.springframework.test.annotation.ProfileValueUtils - Retrieved @ProfileValueSourceConfiguration [null] for test class [pers.ls.exchange.ac.front.cc.BaseSpringTest]
02:08:29.501 [Test worker] DEBUG org.springframework.test.annotation.ProfileValueUtils - Retrieved ProfileValueSource type [class org.springframework.test.annotation.SystemProfileValueSource] for class [pers.ls.exchange.ac.front.cc.BaseSpringTest]
02:08:29.504 [Test worker] DEBUG org.springframework.test.context.support.AbstractDirtiesContextTestExecutionListener - Before test class: context [DefaultTestContext@7ff9743 testClass = BaseSpringTest, testInstance = [null], testMethod = [null], testException = [null], mergedContextConfiguration = [WebMergedContextConfiguration@6a85454a testClass = BaseSpringTest, locations = '{}', classes = '{class pers.ls.exchange.ac.front.AcFrontApplication}', contextInitializerClasses = '[]', activeProfiles = '{}', propertySourceLocations = '{}', propertySourceProperties = '{org.springframework.boot.test.context.SpringBootTestContextBootstrapper=true}', contextCustomizers = set[org.springframework.boot.test.autoconfigure.properties.PropertyMappingContextCustomizer@0, org.springframework.boot.test.autoconfigure.web.servlet.WebDriverContextCustomizerFactory$Customizer@70d0ab0a, org.springframework.boot.test.context.filter.ExcludeFilterContextCustomizer@448ffa90, org.springframework.boot.test.json.DuplicateJsonObjectContextCustomizerFactory$DuplicateJsonObjectContextCustomizer@7b26417f, org.springframework.boot.test.mock.mockito.MockitoContextCustomizer@0, org.springframework.boot.test.web.client.TestRestTemplateContextCustomizer@74495f3f], resourceBasePath = 'src/main/webapp', contextLoader = 'org.springframework.boot.test.context.SpringBootContextLoader', parent = [null]], attributes = map['org.springframework.test.context.web.ServletTestExecutionListener.activateListener' -> true]], class annotated with @DirtiesContext [false] with mode [null].
02:08:29.505 [Test worker] DEBUG org.springframework.test.annotation.ProfileValueUtils - Retrieved @ProfileValueSourceConfiguration [null] for test class [pers.ls.exchange.ac.front.cc.BaseSpringTest]
02:08:29.505 [Test worker] DEBUG org.springframework.test.annotation.ProfileValueUtils - Retrieved ProfileValueSource type [class org.springframework.test.annotation.SystemProfileValueSource] for class [pers.ls.exchange.ac.front.cc.BaseSpringTest]
02:08:29.522 [Test worker] DEBUG org.springframework.core.env.StandardEnvironment - Adding PropertySource 'systemProperties' with lowest search precedence
02:08:29.522 [Test worker] DEBUG org.springframework.core.env.StandardEnvironment - Adding PropertySource 'systemEnvironment' with lowest search precedence
02:08:29.522 [Test worker] DEBUG org.springframework.core.env.StandardEnvironment - Initialized StandardEnvironment with PropertySources [MapPropertySource@70707856 {name='systemProperties', properties={java.runtime.name=Java(TM) SE Runtime Environment, sun.boot.library.path=C:\Program Files\Java\jdk1.8.0_191\jre\bin, java.vm.version=25.191-b12, java.vm.vendor=Oracle Corporation, java.vendor.url=http://java.oracle.com/, path.separator=;, java.vm.name=Java HotSpot(TM) 64-Bit Server VM, file.encoding.pkg=sun.io, user.script=, sun.java.launcher=SUN_STANDARD, user.country=CN, sun.os.patch.level=, java.vm.specification.name=Java Virtual Machine Specification, user.dir=F:\ac-front\ac-rest, java.runtime.version=1.8.0_191-b12, java.awt.graphicsenv=sun.awt.Win32GraphicsEnvironment, java.endorsed.dirs=C:\Program Files\Java\jdk1.8.0_191\jre\lib\endorsed, os.arch=amd64, java.io.tmpdir=C:\Users\lsjava\AppData\Local\Temp\, line.separator=
, java.vm.specification.vendor=Oracle Corporation, user.variant=, os.name=Windows 10, sun.jnu.encoding=GBK, java.library.path=C:\Program Files\Java\jdk1.8.0_191\bin;C:\WINDOWS\Sun\Java\bin;C:\WINDOWS\system32;C:\WINDOWS;C:\Program Files (x86)\Common Files\Oracle\Java\javapath;C:\Program Files (x86)\Intel\Intel(R) Management Engine Components\iCLS\;C:\Program Files\Intel\Intel(R) Management Engine Components\iCLS\;C:\Windows\system32;C:\Windows;C:\Windows\System32\Wbem;C:\Windows\System32\WindowsPowerShell\v1.0\;C:\Windows\System32\OpenSSH\;C:\Program Files (x86)\Intel\Intel(R) Management Engine Components\DAL;C:\Program Files\Intel\Intel(R) Management Engine Components\DAL;C:\Program Files (x86)\Intel\Intel(R) Management Engine Components\IPT;C:\Program Files\Intel\Intel(R) Management Engine Components\IPT;C:\Program Files (x86)\NVIDIA Corporation\PhysX\Common;D:\git\Git\cmd;D:\tortoisegit\bin;D:\mysql\mysql-8.0.15-winx64\bin;D:\erl10.3\bin;D:\redis\;D:\node.js\;C:\WINDOWS\system32;C:\WINDOWS;C:\WINDOWS\System32\Wbem;C:\WINDOWS\System32\WindowsPowerShell\v1.0\;C:\WINDOWS\System32\OpenSSH\;D:\apache-maven-3.6.0\bin;F:\gradle-5.5\bin;C:\Users\lsjava\AppData\Local\Microsoft\WindowsApps;C:\Users\lsjava\AppData\Roaming\npm;;., java.specification.name=Java Platform API Specification, java.class.version=52.0, org.gradle.native=false, sun.management.compiler=HotSpot 64-Bit Tiered Compilers, os.version=10.0, user.home=C:\Users\lsjava, user.timezone=Asia/Shanghai, java.awt.printerjob=sun.awt.windows.WPrinterJob, file.encoding=GBK, java.specification.version=1.8, java.class.path=F:\ac-front\ac-rest\build\classes\java\test;F:\ac-front\ac-rest\build\resources\test;F:\ac-front\ac-rest\build\classes\java\main;F:\ac-front\ac-rest\build\resources\main;F:\ac-front\front-service\build\libs\front-service-1.0-SNAPSHOT.jar;F:\gradle-4.10.1\caches\modules-2\files-2.1\org.springframework.boot\spring-boot-starter-web\2.0.3.RELEASE\41fd4180bea3813de8f3c602b5a126218360315b\spring-boot-starter-web-2.0.3.RELEASE.jar;F:\ac-front\front-jdbc\build\libs\front-jdbc-1.0-SNAPSHOT.jar;F:\gradle-4.10.1\caches\modules-2\files-2.1\com.github.pagehelper\pagehelper-spring-boot-starter\1.2.10\134ce264409e539a2079c882e64b6a210d24a538\pagehelper-spring-boot-starter-1.2.10.jar;F:\gradle-4.10.1\caches\modules-2\files-2.1\org.mybatis.spring.boot\mybatis-spring-boot-starter\1.3.2\cb6de087ae0d34b23ad0671aacdbcc433d84875f\mybatis-spring-boot-starter-1.3.2.jar;F:\gradle-4.10.1\caches\modules-2\files-2.1\com.alibaba\fastjson\1.2.7\a5c721e8ea1e18854272879d6ed2770d25feb342\fastjson-1.2.7.jar;F:\gradle-4.10.1\caches\modules-2\files-2.1\mysql\mysql-connector-java\8.0.13\28015319e44ff50a8fee655e725fefc4990abeb1\mysql-connector-java-8.0.13.jar;F:\gradle-4.10.1\caches\modules-2\files-2.1\org.springframework.boot\spring-boot-starter-test\2.0.3.RELEASE\1c624b1cc217bac010abce7a28df8169af4a7fa0\spring-boot-starter-test-2.0.3.RELEASE.jar;F:\gradle-4.10.1\caches\modules-2\files-2.1\junit\junit\4.12\2973d150c0dc1fefe998f834810d68f278ea58ec\junit-4.12.jar;F:\gradle-4.10.1\caches\modules-2\files-2.1\org.springframework.boot\spring-boot-starter-json\2.0.3.RELEASE\2e389a8727588c549c28bb277f0f573f65554850\spring-boot-starter-json-2.0.3.RELEASE.jar;F:\gradle-4.10.1\caches\modules-2\files-2.1\org.springframework.boot\spring-boot-starter-jdbc\1.5.10.RELEASE\f78396b57f70a0ca8422bcbe8959aa49baf49023\spring-boot-starter-jdbc-1.5.10.RELEASE.jar;F:\gradle-4.10.1\caches\modules-2\files-2.1\org.springframework.boot\spring-boot-starter\2.0.3.RELEASE\ffaa050dbd36b0441645598f1a7ddaf67fd5e678\spring-boot-starter-2.0.3.RELEASE.jar;F:\gradle-4.10.1\caches\modules-2\files-2.1\org.springframework.boot\spring-boot-test-autoconfigure\2.0.3.RELEASE\54e7d2167f2b926bf16a0ef8b91b6bfbd43826e7\spring-boot-test-autoconfigure-2.0.3.RELEASE.jar;F:\gradle-4.10.1\caches\modules-2\files-2.1\org.springframework.boot\spring-boot-test\2.0.3.RELEASE\5c9b4bb6cfce9ef6e53a0ff5fc4a7ff2867871d8\spring-boot-test-2.0.3.RELEASE.jar;F:\gradle-4.10.1\caches\modules-2\files-2.1\com.github.pagehelper\pagehelper-spring-boot-autoconfigure\1.2.10\4d9dce2cd96da77d3ec35503a853e6d3a42750ec\pagehelper-spring-boot-autoconfigure-1.2.10.jar;F:\gradle-4.10.1\caches\modules-2\files-2.1\org.mybatis.spring.boot\mybatis-spring-boot-autoconfigure\1.3.2\cada00d6bb4e7b8a733b3cd376ad69a307008685\mybatis-spring-boot-autoconfigure-1.3.2.jar;F:\gradle-4.10.1\caches\modules-2\files-2.1\org.springframework.boot\spring-boot-autoconfigure\2.0.3.RELEASE\11bc4cc96b08fabad2b3186755818fa0b32d83f\spring-boot-autoconfigure-2.0.3.RELEASE.jar;F:\gradle-4.10.1\caches\modules-2\files-2.1\org.springframework.boot\spring-boot\2.0.3.RELEASE\b874870d915adbc3dd932e19077d3d45c8e54aa0\spring-boot-2.0.3.RELEASE.jar;F:\gradle-4.10.1\caches\modules-2\files-2.1\org.springframework.boot\spring-boot-starter-tomcat\2.0.3.RELEASE\25a51a75bfb997b7b95d6760178ee3303863ec4b\spring-boot-starter-tomcat-2.0.3.RELEASE.jar;F:\gradle-4.10.1\caches\modules-2\files-2.1\org.hibernate.validator\hibernate-validator\6.0.10.Final\4236051a8d209c00f85e70918d5e26d9f3e5201e\hibernate-validator-6.0.10.Final.jar;F:\gradle-4.10.1\caches\modules-2\files-2.1\org.springframework\spring-webmvc\5.0.7.RELEASE\751c871527ec7ff335ffc76f2e737e297c0a8d30\spring-webmvc-5.0.7.RELEASE.jar;F:\gradle-4.10.1\caches\modules-2\files-2.1\org.springframework\spring-web\5.0.7.RELEASE\2e04c6c2922fbfa06b5948be14a5782db168b6ec\spring-web-5.0.7.RELEASE.jar;F:\gradle-4.10.1\caches\modules-2\files-2.1\org.mybatis\mybatis\3.4.6\a77a546f679533837f6c6a75c034b669f3ce6a2f\mybatis-3.4.6.jar;F:\gradle-4.10.1\caches\modules-2\files-2.1\org.mybatis\mybatis-spring\1.3.2\fd9961cd026b1f6998be27c516973dd5366b14ec\mybatis-spring-1.3.2.jar;F:\gradle-4.10.1\caches\modules-2\files-2.1\com.google.protobuf\protobuf-java\3.6.1\d06d46ecfd92ec6d0f3b423b4cd81cb38d8b924\protobuf-java-3.6.1.jar;F:\gradle-4.10.1\caches\modules-2\files-2.1\org.hamcrest\hamcrest-library\1.3\4785a3c21320980282f9f33d0d1264a69040538f\hamcrest-library-1.3.jar;F:\gradle-4.10.1\caches\modules-2\files-2.1\org.hamcrest\hamcrest-core\1.3\42a25dc3219429f0e5d060061f71acb49bf010a0\hamcrest-core-1.3.jar;F:\gradle-4.10.1\caches\modules-2\files-2.1\com.jayway.jsonpath\json-path\2.4.0\765a4401ceb2dc8d40553c2075eb80a8fa35c2ae\json-path-2.4.0.jar;F:\gradle-4.10.1\caches\modules-2\files-2.1\org.assertj\assertj-core\3.9.1\c5ce126b15f28d56cd8f960c1a6a058b9c9aea87\assertj-core-3.9.1.jar;F:\gradle-4.10.1\caches\modules-2\files-2.1\org.mockito\mockito-core\2.15.0\b84bfbbc29cd22c9529409627af6ea2897f4fa85\mockito-core-2.15.0.jar;F:\gradle-4.10.1\caches\modules-2\files-2.1\org.skyscreamer\jsonassert\1.5.0\6c9d5fe2f59da598d9aefc1cfc6528ff3cf32df3\jsonassert-1.5.0.jar;F:\gradle-4.10.1\caches\modules-2\files-2.1\org.springframework\spring-test\5.0.7.RELEASE\bcb7505a316ea34b7e9a7ae5d4921be5b475c02d\spring-test-5.0.7.RELEASE.jar;F:\gradle-4.10.1\caches\modules-2\files-2.1\org.springframework\spring-context\5.0.7.RELEASE\243a23f8968de8754d8199d669780d683ab177bd\spring-context-5.0.7.RELEASE.jar;F:\gradle-4.10.1\caches\modules-2\files-2.1\org.springframework\spring-aop\5.0.7.RELEASE\fdd0b6aa3c9c7a188c3bfbf6dfd8d40e843be9ef\spring-aop-5.0.7.RELEASE.jar;F:\gradle-4.10.1\caches\modules-2\files-2.1\org.springframework\spring-jdbc\4.3.14.RELEASE\1b1b9045d9ec1e067d99bf158210e9e7cf2ebfd2\spring-jdbc-4.3.14.RELEASE.jar;F:\gradle-4.10.1\caches\modules-2\files-2.1\org.springframework\spring-tx\4.3.14.RELEASE\1c9449fcb805837db3c706eab4c729f89688a267\spring-tx-4.3.14.RELEASE.jar;F:\gradle-4.10.1\caches\modules-2\files-2.1\org.springframework\spring-beans\5.0.7.RELEASE\c1196cb3e56da83e3c3a02ef323699f4b05feedc\spring-beans-5.0.7.RELEASE.jar;F:\gradle-4.10.1\caches\modules-2\files-2.1\org.springframework\spring-expression\5.0.7.RELEASE\ca01fb473f53dd0ee3c85663b26d5dc325602057\spring-expression-5.0.7.RELEASE.jar;F:\gradle-4.10.1\caches\modules-2\files-2.1\org.springframework\spring-core\5.0.7.RELEASE\54b731178d81e66eca9623df772ff32718208137\spring-core-5.0.7.RELEASE.jar;F:\gradle-4.10.1\caches\modules-2\files-2.1\org.xmlunit\xmlunit-core\2.5.1\4ffdb346572a7356f7521cd3119ce5287d2e339d\xmlunit-core-2.5.1.jar;F:\gradle-4.10.1\caches\modules-2\files-2.1\com.github.pagehelper\pagehelper\5.1.8\97e2387f9e071928affd165e3d8a8758076b137d\pagehelper-5.1.8.jar;F:\gradle-4.10.1\caches\modules-2\files-2.1\org.springframework.boot\spring-boot-starter-logging\2.0.3.RELEASE\7caad34f01d2688919e15e09a90467963e3d5190\spring-boot-starter-logging-2.0.3.RELEASE.jar;F:\gradle-4.10.1\caches\modules-2\files-2.1\javax.annotation\javax.annotation-api\1.3.2\934c04d3cfef185a8008e7bf34331b79730a9d43\javax.annotation-api-1.3.2.jar;F:\gradle-4.10.1\caches\modules-2\files-2.1\org.yaml\snakeyaml\1.19\2d998d3d674b172a588e54ab619854d073f555b5\snakeyaml-1.19.jar;F:\gradle-4.10.1\caches\modules-2\files-2.1\com.fasterxml.jackson.datatype\jackson-datatype-jdk8\2.9.6\456895fc91bf7180b216fead220373e6278230c9\jackson-datatype-jdk8-2.9.6.jar;F:\gradle-4.10.1\caches\modules-2\files-2.1\com.fasterxml.jackson.datatype\jackson-datatype-jsr310\2.9.6\ea54f6193d224e5e5732bbd4262327eb465397c2\jackson-datatype-jsr310-2.9.6.jar;F:\gradle-4.10.1\caches\modules-2\files-2.1\com.fasterxml.jackson.module\jackson-module-parameter-names\2.9.6\129acd77a4b6ee30d62d3a0899b1344c8ec2bff8\jackson-module-parameter-names-2.9.6.jar;F:\gradle-4.10.1\caches\modules-2\files-2.1\com.fasterxml.jackson.core\jackson-databind\2.9.6\cfa4f316351a91bfd95cb0644c6a2c95f52db1fc\jackson-databind-2.9.6.jar;F:\gradle-4.10.1\caches\modules-2\files-2.1\org.apache.tomcat.embed\tomcat-embed-websocket\8.5.31\6564e716b89de5eaa0dd234ae7989576503ddf3\tomcat-embed-websocket-8.5.31.jar;F:\gradle-4.10.1\caches\modules-2\files-2.1\org.apache.tomcat.embed\tomcat-embed-core\8.5.31\f5adf7ed8c34aa005b22b6a2dc7b6796e10e9c79\tomcat-embed-core-8.5.31.jar;F:\gradle-4.10.1\caches\modules-2\files-2.1\org.apache.tomcat.embed\tomcat-embed-el\8.5.31\3a536e1ac71b82627c3a7408eb38fa0704cb9034\tomcat-embed-el-8.5.31.jar;F:\gradle-4.10.1\caches\modules-2\files-2.1\javax.validation\validation-api\2.0.1.Final\cb855558e6271b1b32e716d24cb85c7f583ce09e\validation-api-2.0.1.Final.jar;F:\gradle-4.10.1\caches\modules-2\files-2.1\org.jboss.logging\jboss-logging\3.3.2.Final\3789d00e859632e6c6206adc0c71625559e6e3b0\jboss-logging-3.3.2.Final.jar;F:\gradle-4.10.1\caches\modules-2\files-2.1\com.fasterxml\classmate\1.3.4\3d5f48f10bbe4eb7bd862f10c0583be2e0053c6\classmate-1.3.4.jar;F:\gradle-4.10.1\caches\modules-2\files-2.1\net.minidev\json-smart\2.3\7396407491352ce4fa30de92efb158adb76b5b\json-smart-2.3.jar;F:\gradle-4.10.1\caches\modules-2\files-2.1\ch.qos.logback\logback-classic\1.2.3\7c4f3c474fb2c041d8028740440937705ebb473a\logback-classic-1.2.3.jar;F:\gradle-4.10.1\caches\modules-2\files-2.1\org.apache.logging.log4j\log4j-to-slf4j\2.10.0\f7e631ccf49cfc0aefa4a2a728da7d374c05bd3c\log4j-to-slf4j-2.10.0.jar;F:\gradle-4.10.1\caches\modules-2\files-2.1\org.slf4j\jul-to-slf4j\1.7.25\af5364cd6679bfffb114f0dec8a157aaa283b76\jul-to-slf4j-1.7.25.jar;F:\gradle-4.10.1\caches\modules-2\files-2.1\org.slf4j\slf4j-api\1.7.25\da76ca59f6a57ee3102f8f9bd9cee742973efa8a\slf4j-api-1.7.25.jar;F:\gradle-4.10.1\caches\modules-2\files-2.1\net.bytebuddy\byte-buddy\1.7.9\51218a01a882c04d0aba8c028179cce488bbcb58\byte-buddy-1.7.9.jar;F:\gradle-4.10.1\caches\modules-2\files-2.1\net.bytebuddy\byte-buddy-agent\1.7.9\a6c65f9da7f467ee1f02ff2841ffd3155aee2fc9\byte-buddy-agent-1.7.9.jar;F:\gradle-4.10.1\caches\modules-2\files-2.1\org.objenesis\objenesis\2.6\639033469776fd37c08358c6b92a4761feb2af4b\objenesis-2.6.jar;F:\gradle-4.10.1\caches\modules-2\files-2.1\com.vaadin.external.google\android-json\0.0.20131108.vaadin1\fa26d351fe62a6a17f5cda1287c1c6110dec413f\android-json-0.0.20131108.vaadin1.jar;F:\gradle-4.10.1\caches\modules-2\files-2.1\org.springframework\spring-jcl\5.0.7.RELEASE\699016ddf454c2c167d9f84ae5777eccadf54728\spring-jcl-5.0.7.RELEASE.jar;F:\gradle-4.10.1\caches\modules-2\files-2.1\com.github.jsqlparser\jsqlparser\1.2\bc8a4e852bde9114b97fda9a3f73c8ae2b7748b9\jsqlparser-1.2.jar;F:\gradle-4.10.1\caches\modules-2\files-2.1\com.fasterxml.jackson.core\jackson-annotations\2.9.0\7c10d545325e3a6e72e06381afe469fd40eb701\jackson-annotations-2.9.0.jar;F:\gradle-4.10.1\caches\modules-2\files-2.1\com.fasterxml.jackson.core\jackson-core\2.9.6\4e393793c37c77e042ccc7be5a914ae39251b365\jackson-core-2.9.6.jar;F:\gradle-4.10.1\caches\modules-2\files-2.1\net.minidev\accessors-smart\1.2\c592b500269bfde36096641b01238a8350f8aa31\accessors-smart-1.2.jar;F:\gradle-4.10.1\caches\modules-2\files-2.1\org.apache.tomcat\tomcat-jdbc\8.5.27\f37dfae9e9afb6b2742e04a401e32264c5fec0ec\tomcat-jdbc-8.5.27.jar;F:\gradle-4.10.1\caches\modules-2\files-2.1\ch.qos.logback\logback-core\1.2.3\864344400c3d4d92dfeb0a305dc87d953677c03c\logback-core-1.2.3.jar;F:\gradle-4.10.1\caches\modules-2\files-2.1\org.apache.logging.log4j\log4j-api\2.10.0\fec5797a55b786184a537abd39c3fa1449d752d6\log4j-api-2.10.0.jar;F:\gradle-4.10.1\caches\modules-2\files-2.1\org.apache.tomcat\tomcat-annotations-api\8.5.31\f0758d8b5d1404cc25f98945bdd5959699658b4a\tomcat-annotations-api-8.5.31.jar;F:\gradle-4.10.1\caches\modules-2\files-2.1\org.ow2.asm\asm\5.0.4\da08b8cce7bbf903602a25a3a163ae252435795\asm-5.0.4.jar;F:\gradle-4.10.1\caches\modules-2\files-2.1\org.apache.tomcat\tomcat-juli\8.5.27\583a08f2f59c6abdd86833b572b9a2f55e61a0f2\tomcat-juli-8.5.27.jar, user.name=lsjava, java.vm.specification.version=1.8, sun.java.command=worker.org.gradle.process.internal.worker.GradleWorkerMain 'Gradle Test Executor 1', java.home=C:\Program Files\Java\jdk1.8.0_191\jre, sun.arch.data.model=64, user.language=zh, java.specification.vendor=Oracle Corporation, awt.toolkit=sun.awt.windows.WToolkit, java.vm.info=mixed mode, java.version=1.8.0_191, java.ext.dirs=C:\Program Files\Java\jdk1.8.0_191\jre\lib\ext;C:\WINDOWS\Sun\Java\lib\ext, sun.boot.class.path=C:\Program Files\Java\jdk1.8.0_191\jre\lib\resources.jar;C:\Program Files\Java\jdk1.8.0_191\jre\lib\rt.jar;C:\Program Files\Java\jdk1.8.0_191\jre\lib\sunrsasign.jar;C:\Program Files\Java\jdk1.8.0_191\jre\lib\jsse.jar;C:\Program Files\Java\jdk1.8.0_191\jre\lib\jce.jar;C:\Program Files\Java\jdk1.8.0_191\jre\lib\charsets.jar;C:\Program Files\Java\jdk1.8.0_191\jre\lib\jfr.jar;C:\Program Files\Java\jdk1.8.0_191\jre\classes, java.vendor=Oracle Corporation, org.gradle.test.worker=1, file.separator=\, java.vendor.url.bug=http://bugreport.sun.com/bugreport/, sun.io.unicode.encoding=UnicodeLittle, sun.cpu.endian=little, sun.desktop=windows, sun.cpu.isalist=amd64}}, SystemEnvironmentPropertySource@866020367 {name='systemEnvironment', properties={configsetroot=C:\WINDOWS\ConfigSetRoot, USERDOMAIN_ROAMINGPROFILE=LAPTOP-AMHVD7MN, PROCESSOR_LEVEL=6, SESSIONNAME=Console, ALLUSERSPROFILE=C:\ProgramData, PROCESSOR_ARCHITECTURE=AMD64, NVIDIAWHITELISTED=0x01, PSModulePath=C:\Program Files\WindowsPowerShell\Modules;C:\WINDOWS\system32\WindowsPowerShell\v1.0\Modules, SystemDrive=C:, =E:=E:\, MAVEN_HOME=D:\apache-maven-3.6.0, USERNAME=lsjava, ProgramFiles(x86)=C:\Program Files (x86), FPS_BROWSER_USER_PROFILE_STRING=Default, PATHEXT=.COM;.EXE;.BAT;.CMD;.VBS;.VBE;.JS;.JSE;.WSF;.WSH;.MSC, DriverData=C:\Windows\System32\Drivers\DriverData, SHIM_MCCOMPAT=0x810000001, ProgramData=C:\ProgramData, =F:=F:\, ProgramW6432=C:\Program Files, HOMEPATH=\Users\lsjava, PROCESSOR_IDENTIFIER=Intel64 Family 6 Model 158 Stepping 10, GenuineIntel, ProgramFiles=C:\Program Files, PUBLIC=C:\Users\Public, windir=C:\WINDOWS, =::=::\, LOCALAPPDATA=C:\Users\lsjava\AppData\Local, USERDOMAIN=LAPTOP-AMHVD7MN, FPS_BROWSER_APP_PROFILE_STRING=Internet Explorer, LOGONSERVER=\\LAPTOP-AMHVD7MN, ERLANG_HOME=D:\erl10.3, asl.log=Destination=file, OneDrive=C:\Users\lsjava\OneDrive, APPDATA=C:\Users\lsjava\AppData\Roaming, GRADLE_USER_HOME=E:\repository, CommonProgramFiles=C:\Program Files\Common Files, Path=C:\Program Files (x86)\Common Files\Oracle\Java\javapath;C:\Program Files (x86)\Intel\Intel(R) Management Engine Components\iCLS\;C:\Program Files\Intel\Intel(R) Management Engine Components\iCLS\;C:\Windows\system32;C:\Windows;C:\Windows\System32\Wbem;C:\Windows\System32\WindowsPowerShell\v1.0\;C:\Windows\System32\OpenSSH\;C:\Program Files (x86)\Intel\Intel(R) Management Engine Components\DAL;C:\Program Files\Intel\Intel(R) Management Engine Components\DAL;C:\Program Files (x86)\Intel\Intel(R) Management Engine Components\IPT;C:\Program Files\Intel\Intel(R) Management Engine Components\IPT;C:\Program Files (x86)\NVIDIA Corporation\PhysX\Common;D:\git\Git\cmd;D:\tortoisegit\bin;D:\mysql\mysql-8.0.15-winx64\bin;D:\erl10.3\bin;D:\redis\;D:\node.js\;C:\WINDOWS\system32;C:\WINDOWS;C:\WINDOWS\System32\Wbem;C:\WINDOWS\System32\WindowsPowerShell\v1.0\;C:\WINDOWS\System32\OpenSSH\;D:\apache-maven-3.6.0\bin;F:\gradle-5.5\bin;C:\Users\lsjava\AppData\Local\Microsoft\WindowsApps;C:\Users\lsjava\AppData\Roaming\npm;, OS=Windows_NT, COMPUTERNAME=LAPTOP-AMHVD7MN, PROCESSOR_REVISION=9e0a, CommonProgramW6432=C:\Program Files\Common Files, ComSpec=C:\WINDOWS\system32\cmd.exe, =D:=D:\, SystemRoot=C:\WINDOWS, TEMP=C:\Users\lsjava\AppData\Local\Temp, HOMEDRIVE=C:, USERPROFILE=C:\Users\lsjava, TMP=C:\Users\lsjava\AppData\Local\Temp, CommonProgramFiles(x86)=C:\Program Files (x86)\Common Files, NUMBER_OF_PROCESSORS=8}}]
02:08:29.525 [Test worker] DEBUG org.springframework.test.context.support.TestPropertySourceUtils - Adding inlined properties to environment: {spring.jmx.enabled=false, org.springframework.boot.test.context.SpringBootTestContextBootstrapper=true, server.port=-1}
02:08:29.525 [Test worker] DEBUG org.springframework.core.env.StandardEnvironment - Adding PropertySource 'Inlined Test Properties' with highest search precedence

  .   ____          _            __ _ _
 /\\ / ___'_ __ _ _(_)_ __  __ _ \ \ \ \
( ( )\___ | '_ | '_| | '_ \/ _` | \ \ \ \
 \\/  ___)| |_)| | | | | || (_| |  ) ) ) )
  '  |____| .__|_| |_|_| |_\__, | / / / /
 =========|_|==============|___/=/_/_/_/
 :: Spring Boot ::        (v2.0.3.RELEASE)

2020-03-21 02:08:29.936  INFO 30776 --- [    Test worker] p.l.exchange.ac.front.cc.BaseSpringTest  : Starting BaseSpringTest on LAPTOP-AMHVD7MN with PID 30776 (started by lsjava in F:\ac-front\ac-rest)
2020-03-21 02:08:29.941  INFO 30776 --- [    Test worker] p.l.exchange.ac.front.cc.BaseSpringTest  : No active profile set, falling back to default profiles: default
2020-03-21 02:08:30.013  INFO 30776 --- [    Test worker] o.s.w.c.s.GenericWebApplicationContext   : Refreshing org.springframework.web.context.support.GenericWebApplicationContext@4ec993fe: startup date [Sat Mar 21 02:08:30 CST 2020]; root of context hierarchy
2020-03-21 02:08:31.940  INFO 30776 --- [    Test worker] o.s.w.s.handler.SimpleUrlHandlerMapping  : Mapped URL path [/**/favicon.ico] onto handler of type [class org.springframework.web.servlet.resource.ResourceHttpRequestHandler]
2020-03-21 02:08:32.217  INFO 30776 --- [    Test worker] s.w.s.m.m.a.RequestMappingHandlerAdapter : Looking for @ControllerAdvice: org.springframework.web.context.support.GenericWebApplicationContext@4ec993fe: startup date [Sat Mar 21 02:08:30 CST 2020]; root of context hierarchy
2020-03-21 02:08:32.364  INFO 30776 --- [    Test worker] s.w.s.m.m.a.RequestMappingHandlerMapping : Mapped "{[/error]}" onto public org.springframework.http.ResponseEntity<java.util.Map<java.lang.String, java.lang.Object>> org.springframework.boot.autoconfigure.web.servlet.error.BasicErrorController.error(javax.servlet.http.HttpServletRequest)
2020-03-21 02:08:32.366  INFO 30776 --- [    Test worker] s.w.s.m.m.a.RequestMappingHandlerMapping : Mapped "{[/error],produces=[text/html]}" onto public org.springframework.web.servlet.ModelAndView org.springframework.boot.autoconfigure.web.servlet.error.BasicErrorController.errorHtml(javax.servlet.http.HttpServletRequest,javax.servlet.http.HttpServletResponse)
2020-03-21 02:08:32.429  INFO 30776 --- [    Test worker] o.s.w.s.handler.SimpleUrlHandlerMapping  : Mapped URL path [/webjars/**] onto handler of type [class org.springframework.web.servlet.resource.ResourceHttpRequestHandler]
2020-03-21 02:08:32.429  INFO 30776 --- [    Test worker] o.s.w.s.handler.SimpleUrlHandlerMapping  : Mapped URL path [/**] onto handler of type [class org.springframework.web.servlet.resource.ResourceHttpRequestHandler]
2020-03-21 02:08:32.818  INFO 30776 --- [    Test worker] p.l.exchange.ac.front.cc.BaseSpringTest  : Started BaseSpringTest in 3.282 seconds (JVM running for 6.96)
肯德基
]]></system-out>
  <system-err><![CDATA[]]></system-err>
</testsuite>
